<?xml version="1.0" encoding="UTF-8"?>
<!-- Generated by org.testng.reporters.JUnitReportReporter -->
<testsuite skipped="0" hostname="santosh" name="com.test.controller.Runner2" tests="1" failures="0" timestamp="21 May 2020 12:06:16 GMT" time="138.751" errors="0">
  <testcase name="start" time="138.751" classname="com.test.controller.Runner2"/>
</testsuite> <!-- com.test.controller.Runner2 -->
