<?xml version="1.0" encoding="UTF-8"?>
<!-- Generated by org.testng.reporters.JUnitReportReporter -->
<testsuite hostname="santosh" name="com.test.controller.Runner2" tests="1" failures="0" timestamp="21 May 2020 14:07:56 GMT" time="137.983" errors="0">
  <testcase name="start" time="137.983" classname="com.test.controller.Runner2"/>
</testsuite> <!-- com.test.controller.Runner2 -->
